<?xml version="1.0" encoding="UTF-8"?>
<testng-results ignored="0" total="1" passed="1" failed="0" skipped="0">
  <reporter-output>
  </reporter-output>
  <suite started-at="2022-08-05T19:36:06 IST" name="Suite" finished-at="2022-08-05T19:36:06 IST" duration-ms="47">
    <groups>
    </groups>
    <test started-at="2022-08-05T19:36:06 IST" name="Test" finished-at="2022-08-05T19:36:06 IST" duration-ms="47">
      <class name="automationPractice.TestNgClass">
        <test-method signature="method1()[pri:0, instance:automationPractice.TestNgClass@429bffaa]" started-at="2022-08-05T19:36:06 IST" name="method1" finished-at="2022-08-05T19:36:06 IST" duration-ms="8" status="PASS">
          <reporter-output>
          </reporter-output>
        </test-method> <!-- method1 -->
      </class> <!-- automationPractice.TestNgClass -->
    </test> <!-- Test -->
  </suite> <!-- Suite -->
</testng-results>
